#
# A fatal error has been detected by the Java Runtime Environment:
#
#  EXCEPTION_ACCESS_VIOLATION (0xc0000005) at pc=0x0000000003729d21, pid=8048, tid=0x0000000000002820
#
# JRE version: Java(TM) SE Runtime Environment (8.0_181-b13) (build 1.8.0_181-b13)
# Java VM: Java HotSpot(TM) 64-Bit Server VM (25.181-b13 mixed mode windows-amd64 compressed oops)
# Problematic frame:
# J 2956 C2 ImageUtils$.matToString(Lorg/bytedeco/javacpp/opencv_core$Mat;)Lscala/collection/immutable/List; (217 bytes) @ 0x0000000003729d21 [0x0000000003728b40+0x11e1]
#
# Failed to write core dump. Minidumps are not enabled by default on client versions of Windows
#
# If you would like to submit a bug report, please visit:
#   http://bugreport.java.com/bugreport/crash.jsp
#

---------------  T H R E A D  ---------------

Current thread (0x000000002028a800):  JavaThread "Executor task launch worker-0" daemon [_thread_in_Java, id=10272, stack(0x0000000026780000,0x0000000026880000)]

siginfo: ExceptionCode=0xc0000005, reading address 0x0000000027ff7f94

Registers:
RAX=0x0000000000000005, RBX=0x0000000000000004, RCX=0x0000000000047300, RDX=0x000000002687e330
RSP=0x000000002687e350, RBP=0x00000000ffffffff, RSI=0x0000000000000006, RDI=0x0000000000000011
R8 =0x00000007b3eaf130, R9 =0x00000007b3eaeff0, R10=0x0000000027ff7f94, R11=0x0000000027ff7f94
R12=0x0000000000000000, R13=0x00000000d866f7c3, R14=0x000000002687e330, R15=0x000000002028a800
RIP=0x0000000003729d21, EFLAGS=0x0000000000010202

Top of Stack: (sp=0x000000002687e350)
0x000000002687e350:   000000002698b148 0000000000000001
0x000000002687e360:   00000007afd4a9b0 00000006c3372c60
0x000000002687e370:   0000007f0003df80 00000007c0107680
0x000000002687e380:   00000007c00852e8 00000007b3eaefd8
0x000000002687e390:   00000007c000dc88 00000007b3eaeff0
0x000000002687e3a0:   0000007f00000080 0000000000000080
0x000000002687e3b0:   7ff8000000000000 000000076c19fa58
0x000000002687e3c0:   000008e6000008e5 000008e6000008e5
0x000000002687e3d0:   000007bf00000000 ed833f4b00000178
0x000000002687e3e0:   0003dfd100000051 00000006c20b1d98
0x000000002687e3f0:   0000000700000178 000000076c1a06c8
0x000000002687e400:   000f7e006c1a06f8 0000000000000020
0x000000002687e410:   0000023e6c1a06f8 0000000700000010
0x000000002687e420:   000000076c1a06f8 00000007aff91740
0x000000002687e430:   000000100ebe1000 000000076c19fa58
0x000000002687e440:   00000007aff91898 00000007afd4a9b0 

Instructions: (pc=0x0000000003729d21)
0x0000000003729d01:   0f 8c 72 17 00 00 44 3b d9 0f 8d 59 18 00 00 4d
0x0000000003729d11:   8b 50 10 4d 63 db 49 c1 e3 02 4d 03 da 4d 8b d3
0x0000000003729d21:   c4 c1 7a 5a 02 e9 78 f4 ff ff 48 8b 54 24 48 66
0x0000000003729d31:   66 90 e8 68 c4 74 ff 48 85 c0 0f 84 80 16 00 00 


Register to memory mapping:

RAX=0x0000000000000005 is an unknown value
RBX=0x0000000000000004 is an unknown value
RCX=0x0000000000047300 is an unknown value
RDX=0x000000002687e330 is pointing into the stack for thread: 0x000000002028a800
RSP=0x000000002687e350 is pointing into the stack for thread: 0x000000002028a800
RBP=0x00000000ffffffff is an unknown value
RSI=0x0000000000000006 is an unknown value
RDI=0x0000000000000011 is an unknown value
R8 =0x00000007b3eaf130 is an oop
java.nio.DirectFloatBufferU 
 - klass: 'java/nio/DirectFloatBufferU'
R9 =0x00000007b3eaeff0 is an oop
org.bytedeco.javacpp.opencv_core$CvMat 
 - klass: 'org/bytedeco/javacpp/opencv_core$CvMat'
R10=0x0000000027ff7f94 is an unknown value
R11=0x0000000027ff7f94 is an unknown value
R12=0x0000000000000000 is an unknown value
R13=0x00000000d866f7c3 is an unknown value
R14=0x000000002687e330 is pointing into the stack for thread: 0x000000002028a800
R15=0x000000002028a800 is a thread


Stack: [0x0000000026780000,0x0000000026880000],  sp=0x000000002687e350,  free space=1016k
Native frames: (J=compiled Java code, j=interpreted, Vv=VM code, C=native code)
C  0x0000000003729d21


---------------  P R O C E S S  ---------------

Java Threads: ( => current thread )
  0x000000002028b800 JavaThread "Executor task launch worker-1" daemon [_thread_in_Java, id=9784, stack(0x0000000026880000,0x0000000026980000)]
=>0x000000002028a800 JavaThread "Executor task launch worker-0" daemon [_thread_in_Java, id=10272, stack(0x0000000026780000,0x0000000026880000)]
  0x0000000020289000 JavaThread "SparkListenerBus" daemon [_thread_blocked, id=14284, stack(0x0000000024090000,0x0000000024190000)]
  0x000000002028c000 JavaThread "context-cleaner-periodic-gc" daemon [_thread_blocked, id=10864, stack(0x0000000023f90000,0x0000000024090000)]
  0x0000000020287800 JavaThread "Spark Context Cleaner" daemon [_thread_blocked, id=10612, stack(0x0000000023e90000,0x0000000023f90000)]
  0x0000000020281800 JavaThread "shuffle-server-5-1" daemon [_thread_in_native, id=8488, stack(0x0000000023b90000,0x0000000023c90000)]
  0x0000000020288800 JavaThread "driver-heartbeater" daemon [_thread_blocked, id=9592, stack(0x0000000023a90000,0x0000000023b90000)]
  0x0000000020284800 JavaThread "dag-scheduler-event-loop" daemon [_thread_blocked, id=15316, stack(0x0000000023990000,0x0000000023a90000)]
  0x0000000020287000 JavaThread "netty-rpc-env-timeout" daemon [_thread_blocked, id=16120, stack(0x0000000023890000,0x0000000023990000)]
  0x0000000020284000 JavaThread "Timer-0" daemon [_thread_blocked, id=7912, stack(0x0000000023790000,0x0000000023890000)]
  0x0000000020280000 JavaThread "heartbeat-receiver-event-loop-thread" daemon [_thread_blocked, id=1172, stack(0x0000000023690000,0x0000000023790000)]
  0x0000000020283000 JavaThread "SparkUI-43" daemon [_thread_blocked, id=11624, stack(0x0000000023390000,0x0000000023490000)]
  0x0000000020282800 JavaThread "SparkUI-42" daemon [_thread_blocked, id=15308, stack(0x0000000023290000,0x0000000023390000)]
  0x0000000020281000 JavaThread "SparkUI-41" daemon [_thread_blocked, id=1816, stack(0x0000000023190000,0x0000000023290000)]
  0x000000001f06a000 JavaThread "SparkUI-40" daemon [_thread_blocked, id=8000, stack(0x0000000023090000,0x0000000023190000)]
  0x000000001f070800 JavaThread "SparkUI-39" daemon [_thread_blocked, id=5408, stack(0x0000000022f90000,0x0000000023090000)]
  0x000000001f06e000 JavaThread "SparkUI-38-acceptor-0@21fe2b6e-ServerConnector@2f39d121{HTTP/1.1}{0.0.0.0:4040}" daemon [_thread_in_native, id=7712, stack(0x0000000022e90000,0x0000000022f90000)]
  0x000000001f06c800 JavaThread "SparkUI-37-selector-ServerConnectorManager@1aac8539/1" daemon [_thread_in_native, id=16312, stack(0x0000000022d90000,0x0000000022e90000)]
  0x000000001f06f800 JavaThread "SparkUI-36-selector-ServerConnectorManager@1aac8539/0" daemon [_thread_in_native, id=10336, stack(0x0000000022c90000,0x0000000022d90000)]
  0x000000001f06b000 JavaThread "refresh progress" daemon [_thread_blocked, id=7452, stack(0x0000000022a90000,0x0000000022b90000)]
  0x000000001f06f000 JavaThread "map-output-dispatcher-7" daemon [_thread_blocked, id=6628, stack(0x0000000022790000,0x0000000022890000)]
  0x000000001f069800 JavaThread "map-output-dispatcher-6" daemon [_thread_blocked, id=14068, stack(0x0000000022590000,0x0000000022690000)]
  0x000000001f06d800 JavaThread "map-output-dispatcher-5" daemon [_thread_blocked, id=6408, stack(0x0000000022490000,0x0000000022590000)]
  0x000000001f06b800 JavaThread "map-output-dispatcher-4" daemon [_thread_blocked, id=16192, stack(0x0000000022390000,0x0000000022490000)]
  0x000000001f068800 JavaThread "map-output-dispatcher-3" daemon [_thread_blocked, id=15324, stack(0x0000000022290000,0x0000000022390000)]
  0x000000001f066000 JavaThread "map-output-dispatcher-2" daemon [_thread_blocked, id=1732, stack(0x0000000022190000,0x0000000022290000)]
  0x000000001f065000 JavaThread "map-output-dispatcher-1" daemon [_thread_blocked, id=8724, stack(0x0000000022090000,0x0000000022190000)]
  0x000000001f054000 JavaThread "map-output-dispatcher-0" daemon [_thread_blocked, id=7432, stack(0x0000000021f90000,0x0000000022090000)]
  0x00000000200cd800 JavaThread "shuffle-server-3-1" daemon [_thread_in_native, id=11904, stack(0x0000000021e90000,0x0000000021f90000)]
  0x000000001f021800 JavaThread "dispatcher-event-loop-3" daemon [_thread_blocked, id=2972, stack(0x0000000021990000,0x0000000021a90000)]
  0x000000001f020800 JavaThread "dispatcher-event-loop-2" daemon [_thread_blocked, id=7904, stack(0x0000000021890000,0x0000000021990000)]
  0x000000001ee59800 JavaThread "dispatcher-event-loop-1" daemon [_thread_blocked, id=13880, stack(0x0000000021790000,0x0000000021890000)]
  0x000000001ee58800 JavaThread "dispatcher-event-loop-0" daemon [_thread_blocked, id=16220, stack(0x0000000021480000,0x0000000021580000)]
  0x000000001e27e800 JavaThread "Service Thread" daemon [_thread_blocked, id=12760, stack(0x000000001ea40000,0x000000001eb40000)]
  0x000000001e230800 JavaThread "C1 CompilerThread2" daemon [_thread_blocked, id=11804, stack(0x000000001e940000,0x000000001ea40000)]
  0x000000001e225000 JavaThread "C2 CompilerThread1" daemon [_thread_blocked, id=11492, stack(0x000000001e840000,0x000000001e940000)]
  0x000000001e224000 JavaThread "C2 CompilerThread0" daemon [_thread_blocked, id=16204, stack(0x000000001e740000,0x000000001e840000)]
  0x000000001e1ea000 JavaThread "Monitor Ctrl-Break" daemon [_thread_in_native, id=15896, stack(0x000000001e640000,0x000000001e740000)]
  0x000000001c3f4800 JavaThread "Attach Listener" daemon [_thread_blocked, id=12620, stack(0x000000001d940000,0x000000001da40000)]
  0x000000001c401800 JavaThread "Signal Dispatcher" daemon [_thread_blocked, id=14596, stack(0x000000001d840000,0x000000001d940000)]
  0x000000001c3da000 JavaThread "Finalizer" daemon [_thread_blocked, id=14768, stack(0x000000001d650000,0x000000001d750000)]
  0x000000001c3b8800 JavaThread "Reference Handler" daemon [_thread_blocked, id=6608, stack(0x000000001d550000,0x000000001d650000)]
  0x0000000002c3b800 JavaThread "main" [_thread_blocked, id=2672, stack(0x0000000002b30000,0x0000000002c30000)]

Other Threads:
  0x000000001c3b7000 VMThread [stack: 0x000000001d450000,0x000000001d550000] [id=13588]
  0x000000001e2f5000 WatcherThread [stack: 0x000000001eb40000,0x000000001ec40000] [id=15240]

VM state:not at safepoint (normal execution)

VM Mutex/Monitor currently owned by a thread: None

Heap:
 PSYoungGen      total 1267200K, used 125357K [0x000000076b500000, 0x00000007c0000000, 0x00000007c0000000)
  eden space 1189376K, 4% used [0x000000076b500000,0x000000076ef05640,0x00000007b3e80000)
  from space 77824K, 84% used [0x00000007b3e80000,0x00000007b7ee60e8,0x00000007b8a80000)
  to   space 85504K, 0% used [0x00000007bac80000,0x00000007bac80000,0x00000007c0000000)
 ParOldGen       total 599040K, used 423919K [0x00000006c1e00000, 0x00000006e6700000, 0x000000076b500000)
  object space 599040K, 70% used [0x00000006c1e00000,0x00000006dbbfbd70,0x00000006e6700000)
 Metaspace       used 40380K, capacity 40754K, committed 40832K, reserved 1085440K
  class space    used 5598K, capacity 5730K, committed 5760K, reserved 1048576K

Card table byte_map: [0x00000000121f0000,0x00000000129f0000] byte_map_base: 0x000000000ebe1000

Marking Bits: (ParMarkBitMap*) 0x0000000065b72d00
 Begin Bits: [0x0000000013340000, 0x00000000172c8000)
 End Bits:   [0x00000000172c8000, 0x000000001b250000)

Polling page: 0x0000000000da0000

CodeCache: size=245760Kb used=11746Kb max_used=12259Kb free=234013Kb
 bounds [0x0000000002e30000, 0x0000000003a40000, 0x0000000011e30000]
 total_blobs=4231 nmethods=3501 adapters=642
 compilation: enabled

Compilation events (10 events):
Event: 61.718 Thread 0x000000001e230800 4105       3       scala.collection.immutable.VectorPointer$class::gotoNextBlockStart (336 bytes)
Event: 61.719 Thread 0x000000001e230800 nmethod 4105 0x0000000003157b10 code [0x0000000003157f60, 0x000000000315a948]
Event: 61.738 Thread 0x000000001e230800 4106       3       java.util.TreeMap::getLowerEntry (101 bytes)
Event: 61.739 Thread 0x000000001e230800 nmethod 4106 0x0000000003213350 code [0x0000000003213520, 0x0000000003213d18]
Event: 62.253 Thread 0x000000001e224000 4107       4       com.sun.org.apache.xerces.internal.parsers.AbstractDOMParser::dropDocumentReferences (41 bytes)
Event: 62.254 Thread 0x000000001e224000 nmethod 4107 0x00000000033c7550 code [0x00000000033c7680, 0x00000000033c76f8]
Event: 62.500 Thread 0x000000001e230800 4108       1       org.apache.hadoop.conf.Configuration$DeprecatedKeyInfo::access$102 (7 bytes)
Event: 62.501 Thread 0x000000001e230800 nmethod 4108 0x000000000370eed0 code [0x000000000370f020, 0x000000000370f110]
Event: 64.872 Thread 0x000000001e230800 4110       3       java.util.concurrent.atomic.AtomicReference::compareAndSet (13 bytes)
Event: 64.872 Thread 0x000000001e230800 nmethod 4110 0x0000000003210410 code [0x0000000003210560, 0x00000000032106f0]

GC Heap History (10 events):
Event: 48.028 GC heap before
{Heap before GC invocations=27 (full 3):
 PSYoungGen      total 879616K, used 875205K [0x000000076b500000, 0x00000007b0f00000, 0x00000007c0000000)
  eden space 826880K, 100% used [0x000000076b500000,0x000000079dc80000,0x000000079dc80000)
  from space 52736K, 91% used [0x000000079dc80000,0x00000007a0bb1610,0x00000007a1000000)
  to   space 58880K, 0% used [0x00000007ad580000,0x00000007ad580000,0x00000007b0f00000)
 ParOldGen       total 342528K, used 264729K [0x00000006c1e00000, 0x00000006d6c80000, 0x000000076b500000)
  object space 342528K, 77% used [0x00000006c1e00000,0x00000006d2086440,0x00000006d6c80000)
 Metaspace       used 40310K, capacity 40690K, committed 40832K, reserved 1085440K
  class space    used 5598K, capacity 5730K, committed 5760K, reserved 1048576K
Event: 48.084 GC heap after
Heap after GC invocations=27 (full 3):
 PSYoungGen      total 1076224K, used 49073K [0x000000076b500000, 0x00000007b1800000, 0x00000007c0000000)
  eden space 1017344K, 0% used [0x000000076b500000,0x000000076b500000,0x00000007a9680000)
  from space 58880K, 83% used [0x00000007ad580000,0x00000007b056c560,0x00000007b0f00000)
  to   space 64512K, 0% used [0x00000007a9680000,0x00000007a9680000,0x00000007ad580000)
 ParOldGen       total 342528K, used 305409K [0x00000006c1e00000, 0x00000006d6c80000, 0x000000076b500000)
  object space 342528K, 89% used [0x00000006c1e00000,0x00000006d4840440,0x00000006d6c80000)
 Metaspace       used 40310K, capacity 40690K, committed 40832K, reserved 1085440K
  class space    used 5598K, capacity 5730K, committed 5760K, reserved 1048576K
}
Event: 48.084 GC heap before
{Heap before GC invocations=28 (full 4):
 PSYoungGen      total 1076224K, used 49073K [0x000000076b500000, 0x00000007b1800000, 0x00000007c0000000)
  eden space 1017344K, 0% used [0x000000076b500000,0x000000076b500000,0x00000007a9680000)
  from space 58880K, 83% used [0x00000007ad580000,0x00000007b056c560,0x00000007b0f00000)
  to   space 64512K, 0% used [0x00000007a9680000,0x00000007a9680000,0x00000007ad580000)
 ParOldGen       total 342528K, used 305409K [0x00000006c1e00000, 0x00000006d6c80000, 0x000000076b500000)
  object space 342528K, 89% used [0x00000006c1e00000,0x00000006d4840440,0x00000006d6c80000)
 Metaspace       used 40310K, capacity 40690K, committed 40832K, reserved 1085440K
  class space    used 5598K, capacity 5730K, committed 5760K, reserved 1048576K
Event: 48.254 GC heap after
Heap after GC invocations=28 (full 4):
 PSYoungGen      total 1076224K, used 0K [0x000000076b500000, 0x00000007b1800000, 0x00000007c0000000)
  eden space 1017344K, 0% used [0x000000076b500000,0x000000076b500000,0x00000007a9680000)
  from space 58880K, 0% used [0x00000007ad580000,0x00000007ad580000,0x00000007b0f00000)
  to   space 64512K, 0% used [0x00000007a9680000,0x00000007a9680000,0x00000007ad580000)
 ParOldGen       total 599040K, used 329207K [0x00000006c1e00000, 0x00000006e6700000, 0x000000076b500000)
  object space 599040K, 54% used [0x00000006c1e00000,0x00000006d5f7dd70,0x00000006e6700000)
 Metaspace       used 40310K, capacity 40690K, committed 40832K, reserved 1085440K
  class space    used 5598K, capacity 5730K, committed 5760K, reserved 1048576K
}
Event: 54.399 GC heap before
{Heap before GC invocations=29 (full 4):
 PSYoungGen      total 1076224K, used 1017344K [0x000000076b500000, 0x00000007b1800000, 0x00000007c0000000)
  eden space 1017344K, 100% used [0x000000076b500000,0x00000007a9680000,0x00000007a9680000)
  from space 58880K, 0% used [0x00000007ad580000,0x00000007ad580000,0x00000007b0f00000)
  to   space 64512K, 0% used [0x00000007a9680000,0x00000007a9680000,0x00000007ad580000)
 ParOldGen       total 599040K, used 329207K [0x00000006c1e00000, 0x00000006e6700000, 0x000000076b500000)
  object space 599040K, 54% used [0x00000006c1e00000,0x00000006d5f7dd70,0x00000006e6700000)
 Metaspace       used 40353K, capacity 40754K, committed 40832K, reserved 1085440K
  class space    used 5598K, capacity 5730K, committed 5760K, reserved 1048576K
Event: 54.464 GC heap after
Heap after GC invocations=29 (full 4):
 PSYoungGen      total 1081856K, used 61346K [0x000000076b500000, 0x00000007bd180000, 0x00000007c0000000)
  eden space 1017344K, 0% used [0x000000076b500000,0x000000076b500000,0x00000007a9680000)
  from space 64512K, 95% used [0x00000007a9680000,0x00000007ad2688b0,0x00000007ad580000)
  to   space 72704K, 0% used [0x00000007b8a80000,0x00000007b8a80000,0x00000007bd180000)
 ParOldGen       total 599040K, used 329215K [0x00000006c1e00000, 0x00000006e6700000, 0x000000076b500000)
  object space 599040K, 54% used [0x00000006c1e00000,0x00000006d5f7fd70,0x00000006e6700000)
 Metaspace       used 40353K, capacity 40754K, committed 40832K, reserved 1085440K
  class space    used 5598K, capacity 5730K, committed 5760K, reserved 1048576K
}
Event: 59.222 GC heap before
{Heap before GC invocations=30 (full 4):
 PSYoungGen      total 1081856K, used 1078690K [0x000000076b500000, 0x00000007bd180000, 0x00000007c0000000)
  eden space 1017344K, 100% used [0x000000076b500000,0x00000007a9680000,0x00000007a9680000)
  from space 64512K, 95% used [0x00000007a9680000,0x00000007ad2688b0,0x00000007ad580000)
  to   space 72704K, 0% used [0x00000007b8a80000,0x00000007b8a80000,0x00000007bd180000)
 ParOldGen       total 599040K, used 329215K [0x00000006c1e00000, 0x00000006e6700000, 0x000000076b500000)
  object space 599040K, 54% used [0x00000006c1e00000,0x00000006d5f7fd70,0x00000006e6700000)
 Metaspace       used 40371K, capacity 40754K, committed 40832K, reserved 1085440K
  class space    used 5598K, capacity 5730K, committed 5760K, reserved 1048576K
Event: 59.311 GC heap after
Heap after GC invocations=30 (full 4):
 PSYoungGen      total 1262080K, used 56450K [0x000000076b500000, 0x00000007be300000, 0x00000007c0000000)
  eden space 1189376K, 0% used [0x000000076b500000,0x000000076b500000,0x00000007b3e80000)
  from space 72704K, 77% used [0x00000007b8a80000,0x00000007bc1a09d8,0x00000007bd180000)
  to   space 77824K, 0% used [0x00000007b3e80000,0x00000007b3e80000,0x00000007b8a80000)
 ParOldGen       total 599040K, used 377839K [0x00000006c1e00000, 0x00000006e6700000, 0x000000076b500000)
  object space 599040K, 63% used [0x00000006c1e00000,0x00000006d8efbd70,0x00000006e6700000)
 Metaspace       used 40371K, capacity 40754K, committed 40832K, reserved 1085440K
  class space    used 5598K, capacity 5730K, committed 5760K, reserved 1048576K
}
Event: 64.907 GC heap before
{Heap before GC invocations=31 (full 4):
 PSYoungGen      total 1262080K, used 1245826K [0x000000076b500000, 0x00000007be300000, 0x00000007c0000000)
  eden space 1189376K, 100% used [0x000000076b500000,0x00000007b3e80000,0x00000007b3e80000)
  from space 72704K, 77% used [0x00000007b8a80000,0x00000007bc1a09d8,0x00000007bd180000)
  to   space 77824K, 0% used [0x00000007b3e80000,0x00000007b3e80000,0x00000007b8a80000)
 ParOldGen       total 599040K, used 377839K [0x00000006c1e00000, 0x00000006e6700000, 0x000000076b500000)
  object space 599040K, 63% used [0x00000006c1e00000,0x00000006d8efbd70,0x00000006e6700000)
 Metaspace       used 40380K, capacity 40754K, committed 40832K, reserved 1085440K
  class space    used 5598K, capacity 5730K, committed 5760K, reserved 1048576K
Event: 64.983 GC heap after
Heap after GC invocations=31 (full 4):
 PSYoungGen      total 1267200K, used 65944K [0x000000076b500000, 0x00000007c0000000, 0x00000007c0000000)
  eden space 1189376K, 0% used [0x000000076b500000,0x000000076b500000,0x00000007b3e80000)
  from space 77824K, 84% used [0x00000007b3e80000,0x00000007b7ee60e8,0x00000007b8a80000)
  to   space 85504K, 0% used [0x00000007bac80000,0x00000007bac80000,0x00000007c0000000)
 ParOldGen       total 599040K, used 423919K [0x00000006c1e00000, 0x00000006e6700000, 0x000000076b500000)
  object space 599040K, 70% used [0x00000006c1e00000,0x00000006dbbfbd70,0x00000006e6700000)
 Metaspace       used 40380K, capacity 40754K, committed 40832K, reserved 1085440K
  class space    used 5598K, capacity 5730K, committed 5760K, reserved 1048576K
}

Deoptimization events (10 events):
Event: 14.440 Thread 0x000000001f06b000 Uncommon trap: reason=array_check action=maybe_recompile pc=0x00000000037cff3c method=scala.collection.mutable.ArrayBuilder$ofRef.$plus$eq(Ljava/lang/Object;)Lscala/collection/mutable/ArrayBuilder$ofRef; @ 19
Event: 14.640 Thread 0x000000001f06b000 Uncommon trap: reason=array_check action=maybe_recompile pc=0x00000000037cff3c method=scala.collection.mutable.ArrayBuilder$ofRef.$plus$eq(Ljava/lang/Object;)Lscala/collection/mutable/ArrayBuilder$ofRef; @ 19
Event: 14.841 Thread 0x000000001f06b000 Uncommon trap: reason=array_check action=maybe_recompile pc=0x00000000037cff3c method=scala.collection.mutable.ArrayBuilder$ofRef.$plus$eq(Ljava/lang/Object;)Lscala/collection/mutable/ArrayBuilder$ofRef; @ 19
Event: 15.041 Thread 0x000000001f06b000 Uncommon trap: reason=array_check action=maybe_recompile pc=0x00000000037cff3c method=scala.collection.mutable.ArrayBuilder$ofRef.$plus$eq(Ljava/lang/Object;)Lscala/collection/mutable/ArrayBuilder$ofRef; @ 19
Event: 17.321 Thread 0x000000002028a800 Uncommon trap: reason=unstable_if action=reinterpret pc=0x000000000336063c method=java.util.WeakHashMap.remove(Ljava/lang/Object;)Ljava/lang/Object; @ 94
Event: 21.265 Thread 0x0000000020288800 Uncommon trap: reason=class_check action=maybe_recompile pc=0x0000000003589188 method=java.util.regex.Pattern$Ques.match(Ljava/util/regex/Matcher;ILjava/lang/CharSequence;)Z @ 68
Event: 31.269 Thread 0x0000000020288800 Uncommon trap: reason=class_check action=maybe_recompile pc=0x0000000003589188 method=java.util.regex.Pattern$Ques.match(Ljava/util/regex/Matcher;ILjava/lang/CharSequence;)Z @ 68
Event: 41.259 Thread 0x0000000020288800 Uncommon trap: reason=class_check action=maybe_recompile pc=0x0000000003589188 method=java.util.regex.Pattern$Ques.match(Ljava/util/regex/Matcher;ILjava/lang/CharSequence;)Z @ 68
Event: 51.260 Thread 0x0000000020288800 Uncommon trap: reason=class_check action=maybe_recompile pc=0x0000000003589188 method=java.util.regex.Pattern$Ques.match(Ljava/util/regex/Matcher;ILjava/lang/CharSequence;)Z @ 68
Event: 58.006 Thread 0x000000002028a800 Uncommon trap: reason=unstable_if action=reinterpret pc=0x00000000036c97ac method=sun.nio.cs.UTF_8$Decoder.decodeArrayLoop(Ljava/nio/ByteBuffer;Ljava/nio/CharBuffer;)Ljava/nio/charset/CoderResult; @ 447

Classes redefined (0 events):
No events

Internal exceptions (10 events):
Event: 7.959 Thread 0x000000001f020800 Exception <a 'java/lang/NoSuchMethodError': <clinit>> (0x000000076c8ee4e0) thrown at [C:\re\workspace\8-2-build-windows-amd64-cygwin\jdk8u181\11358\hotspot\src\share\vm\prims\jni.cpp, line 1613]
Event: 7.960 Thread 0x000000001f020800 Exception <a 'java/lang/NoSuchMethodError': <clinit>> (0x000000076c926f10) thrown at [C:\re\workspace\8-2-build-windows-amd64-cygwin\jdk8u181\11358\hotspot\src\share\vm\prims\jni.cpp, line 1613]
Event: 7.962 Thread 0x000000001f020800 Exception <a 'java/lang/NoSuchMethodError': <clinit>> (0x000000076c936878) thrown at [C:\re\workspace\8-2-build-windows-amd64-cygwin\jdk8u181\11358\hotspot\src\share\vm\prims\jni.cpp, line 1613]
Event: 7.963 Thread 0x000000001f020800 Exception <a 'java/lang/NoSuchMethodError': <clinit>> (0x000000076c94b2d8) thrown at [C:\re\workspace\8-2-build-windows-amd64-cygwin\jdk8u181\11358\hotspot\src\share\vm\prims\jni.cpp, line 1613]
Event: 7.965 Thread 0x000000001f020800 Exception <a 'java/lang/NoSuchMethodError': <clinit>> (0x000000076c956e48) thrown at [C:\re\workspace\8-2-build-windows-amd64-cygwin\jdk8u181\11358\hotspot\src\share\vm\prims\jni.cpp, line 1613]
Event: 7.966 Thread 0x000000001f020800 Exception <a 'java/lang/NoSuchMethodError': <clinit>> (0x000000076c95f820) thrown at [C:\re\workspace\8-2-build-windows-amd64-cygwin\jdk8u181\11358\hotspot\src\share\vm\prims\jni.cpp, line 1613]
Event: 8.179 Thread 0x000000002028a800 Implicit null exception at 0x000000000359bd3e to 0x000000000359e6ad
Event: 12.829 Thread 0x000000002028b800 Implicit null exception at 0x00000000036937ca to 0x00000000036939a0
Event: 12.844 Thread 0x000000002028a800 Implicit null exception at 0x00000000036dcab0 to 0x00000000036dcb09
Event: 12.963 Thread 0x000000002028b800 Implicit null exception at 0x000000000350e174 to 0x000000000350e58d

Events (10 events):
Event: 57.303 Thread 0x000000001e230800 flushing nmethod 0x00000000037a0910
Event: 57.303 Thread 0x000000001e230800 flushing nmethod 0x00000000037cdc50
Event: 57.437 Thread 0x000000001e225000 flushing nmethod 0x00000000037f5210
Event: 58.006 Thread 0x000000002028a800 Uncommon trap: trap_request=0xffffff65 fr.pc=0x00000000036c97ac
Event: 58.006 Thread 0x000000002028a800 DEOPT PACKING pc=0x00000000036c97ac sp=0x000000002687e0e0
Event: 58.006 Thread 0x000000002028a800 DEOPT UNPACKING pc=0x0000000002e7583b sp=0x000000002687e050 mode 2
Event: 59.222 Executing VM operation: ParallelGCFailedAllocation
Event: 59.311 Executing VM operation: ParallelGCFailedAllocation done
Event: 64.907 Executing VM operation: ParallelGCFailedAllocation
Event: 64.983 Executing VM operation: ParallelGCFailedAllocation done


Dynamic libraries:
0x00007ff6390b0000 - 0x00007ff6390e7000 	C:\Program Files\Java\jdk1.8.0_181\bin\java.exe
0x00007ffaae0a0000 - 0x00007ffaae281000 	C:\WINDOWS\SYSTEM32\ntdll.dll
0x00007ffaada70000 - 0x00007ffaadb21000 	C:\WINDOWS\System32\KERNEL32.DLL
0x00007ffaaa470000 - 0x00007ffaaa6e3000 	C:\WINDOWS\System32\KERNELBASE.dll
0x00007ffaadd70000 - 0x00007ffaade11000 	C:\WINDOWS\System32\ADVAPI32.dll
0x00007ffaad5f0000 - 0x00007ffaad68e000 	C:\WINDOWS\System32\msvcrt.dll
0x00007ffaada10000 - 0x00007ffaada6b000 	C:\WINDOWS\System32\sechost.dll
0x00007ffaad8e0000 - 0x00007ffaada04000 	C:\WINDOWS\System32\RPCRT4.dll
0x00007ffaadbb0000 - 0x00007ffaadd40000 	C:\WINDOWS\System32\USER32.dll
0x00007ffaab3b0000 - 0x00007ffaab3d0000 	C:\WINDOWS\System32\win32u.dll
0x00007ffaab990000 - 0x00007ffaab9b8000 	C:\WINDOWS\System32\GDI32.dll
0x00007ffaaaed0000 - 0x00007ffaab062000 	C:\WINDOWS\System32\gdi32full.dll
0x00007ffaab120000 - 0x00007ffaab1bf000 	C:\WINDOWS\System32\msvcp_win.dll
0x00007ffaab430000 - 0x00007ffaab528000 	C:\WINDOWS\System32\ucrtbase.dll
0x00007ffa94da0000 - 0x00007ffa95009000 	C:\WINDOWS\WinSxS\amd64_microsoft.windows.common-controls_6595b64144ccf1df_6.0.17134.706_none_fb43a2cb30647007\COMCTL32.dll
0x00007ffaad100000 - 0x00007ffaad422000 	C:\WINDOWS\System32\combase.dll
0x00007ffaaae50000 - 0x00007ffaaaeca000 	C:\WINDOWS\System32\bcryptPrimitives.dll
0x00007ffaadd40000 - 0x00007ffaadd6d000 	C:\WINDOWS\System32\IMM32.DLL
0x0000000066510000 - 0x00000000665e2000 	C:\Program Files\Java\jdk1.8.0_181\jre\bin\msvcr100.dll
0x0000000065350000 - 0x0000000065bf2000 	C:\Program Files\Java\jdk1.8.0_181\jre\bin\server\jvm.dll
0x00007ffaad740000 - 0x00007ffaad748000 	C:\WINDOWS\System32\PSAPI.DLL
0x00007ffa95a90000 - 0x00007ffa95a99000 	C:\WINDOWS\SYSTEM32\WSOCK32.dll
0x00007ffaae000000 - 0x00007ffaae06c000 	C:\WINDOWS\System32\WS2_32.dll
0x00007ffaa8350000 - 0x00007ffaa8373000 	C:\WINDOWS\SYSTEM32\WINMM.dll
0x00007ffa9c4f0000 - 0x00007ffa9c4fa000 	C:\WINDOWS\SYSTEM32\VERSION.dll
0x00007ffaa8320000 - 0x00007ffaa834a000 	C:\WINDOWS\SYSTEM32\WINMMBASE.dll
0x00007ffaaa6f0000 - 0x00007ffaaa739000 	C:\WINDOWS\System32\cfgmgr32.dll
0x0000000066500000 - 0x000000006650f000 	C:\Program Files\Java\jdk1.8.0_181\jre\bin\verify.dll
0x00000000664d0000 - 0x00000000664f9000 	C:\Program Files\Java\jdk1.8.0_181\jre\bin\java.dll
0x0000000065320000 - 0x0000000065343000 	C:\Program Files\Java\jdk1.8.0_181\jre\bin\instrument.dll
0x00000000664b0000 - 0x00000000664c6000 	C:\Program Files\Java\jdk1.8.0_181\jre\bin\zip.dll
0x00007ffaab9c0000 - 0x00007ffaace00000 	C:\WINDOWS\System32\SHELL32.dll
0x00007ffaad690000 - 0x00007ffaad739000 	C:\WINDOWS\System32\shcore.dll
0x00007ffaaa740000 - 0x00007ffaaae4d000 	C:\WINDOWS\System32\windows.storage.dll
0x00007ffaadb50000 - 0x00007ffaadba1000 	C:\WINDOWS\System32\shlwapi.dll
0x00007ffaaa430000 - 0x00007ffaaa441000 	C:\WINDOWS\System32\kernel.appcore.dll
0x00007ffaaa450000 - 0x00007ffaaa46f000 	C:\WINDOWS\System32\profapi.dll
0x00007ffaaa3e0000 - 0x00007ffaaa42c000 	C:\WINDOWS\System32\powrprof.dll
0x00007ffaaa3d0000 - 0x00007ffaaa3da000 	C:\WINDOWS\System32\FLTLIB.DLL
0x00007ffa8c070000 - 0x00007ffa8c08a000 	C:\Program Files\JetBrains\IntelliJ IDEA Community Edition 2018.3.3\bin\breakgen64.dll
0x0000000066490000 - 0x00000000664aa000 	C:\Program Files\Java\jdk1.8.0_181\jre\bin\net.dll
0x00007ffaa9c30000 - 0x00007ffaa9c96000 	C:\WINDOWS\system32\mswsock.dll
0x0000000065310000 - 0x000000006531d000 	C:\Program Files\Java\jdk1.8.0_181\jre\bin\management.dll
0x0000000065300000 - 0x0000000065309000 	C:\Program Files\Java\jdk1.8.0_181\jre\bin\w2k_lsa_auth.dll
0x00007ffa913f0000 - 0x00007ffa913fc000 	C:\WINDOWS\SYSTEM32\Secur32.dll
0x00007ffaaa2b0000 - 0x00007ffaaa2e0000 	C:\WINDOWS\SYSTEM32\SSPICLI.DLL
0x00000000652f0000 - 0x00000000652f8000 	C:\Program Files\Java\jdk1.8.0_181\jre\bin\jaas_nt.dll
0x00007ffa8c000000 - 0x00007ffa8c016000 	C:\WINDOWS\system32\napinsp.dll
0x00007ffa89180000 - 0x00007ffa8919a000 	C:\WINDOWS\system32\pnrpnsp.dll
0x00007ffaa6ae0000 - 0x00007ffaa6af9000 	C:\WINDOWS\system32\NLAapi.dll
0x00007ffaa99f0000 - 0x00007ffaa9aae000 	C:\WINDOWS\SYSTEM32\DNSAPI.dll
0x00007ffaab530000 - 0x00007ffaab538000 	C:\WINDOWS\System32\NSI.dll
0x00007ffaa99b0000 - 0x00007ffaa99e8000 	C:\WINDOWS\SYSTEM32\IPHLPAPI.DLL
0x00007ffa90080000 - 0x00007ffa9008e000 	C:\WINDOWS\System32\winrnr.dll
0x00007ffaa1770000 - 0x00007ffaa1785000 	C:\WINDOWS\System32\wshbth.dll
0x00007ffa97620000 - 0x00007ffa9762a000 	C:\Windows\System32\rasadhlp.dll
0x00007ffa976f0000 - 0x00007ffa97762000 	C:\WINDOWS\System32\fwpuclnt.dll
0x00007ffaa9f10000 - 0x00007ffaa9f35000 	C:\WINDOWS\SYSTEM32\bcrypt.dll
0x0000000066470000 - 0x0000000066481000 	C:\Program Files\Java\jdk1.8.0_181\jre\bin\nio.dll
0x00007ffaa9de0000 - 0x00007ffaa9df7000 	C:\WINDOWS\SYSTEM32\CRYPTSP.dll
0x00007ffaa9810000 - 0x00007ffaa9843000 	C:\WINDOWS\system32\rsaenh.dll
0x00007ffaaa2e0000 - 0x00007ffaaa308000 	C:\WINDOWS\SYSTEM32\USERENV.dll
0x00007ffaa9e00000 - 0x00007ffaa9e0b000 	C:\WINDOWS\SYSTEM32\CRYPTBASE.dll
0x00007ffa9d5a0000 - 0x00007ffa9d5b6000 	C:\WINDOWS\SYSTEM32\dhcpcsvc6.DLL
0x00007ffa9d520000 - 0x00007ffa9d53a000 	C:\WINDOWS\SYSTEM32\dhcpcsvc.DLL
0x0000000066f40000 - 0x0000000066f6d000 	C:\Users\tondi\AppData\Local\Temp\liblz4-java961249832374837910.so
0x0000000065210000 - 0x00000000652e1000 	C:\Users\tondi\AppData\Local\Temp\javacpp47429600557055\msvcr100.dll
0x0000000065170000 - 0x0000000065208000 	C:\Users\tondi\AppData\Local\Temp\javacpp47429600557055\msvcp100.dll
0x00007ffa4f520000 - 0x00007ffa4f7a0000 	C:\Users\tondi\AppData\Local\Temp\javacpp47429600557055\opencv_core2411.dll
0x00007ffa4f320000 - 0x00007ffa4f512000 	C:\Users\tondi\AppData\Local\Temp\javacpp47429600557055\jniopencv_core.dll
0x00007ffa477c0000 - 0x00007ffa47a81000 	C:\Users\tondi\AppData\Local\Temp\javacpp47429600557055\opencv_imgproc2411.dll
0x00007ffa64f50000 - 0x00007ffa64ff8000 	C:\Users\tondi\AppData\Local\Temp\javacpp47429600557055\jniopencv_imgproc.dll
0x0000000026b80000 - 0x00000000279f4000 	C:\Users\tondi\AppData\Local\Temp\javacpp47429600557055\opencv_ffmpeg2411_64.dll
0x00007ffa47570000 - 0x00007ffa477be000 	C:\Users\tondi\AppData\Local\Temp\javacpp47429600557055\opencv_highgui2411.dll
0x00007ffaacfa0000 - 0x00007ffaad0f1000 	C:\WINDOWS\System32\ole32.dll
0x00007ffaad430000 - 0x00007ffaad4f2000 	C:\WINDOWS\System32\OLEAUT32.dll
0x00007ffa84110000 - 0x00007ffa84128000 	C:\WINDOWS\SYSTEM32\AVICAP32.dll
0x00007ffa8c050000 - 0x00007ffa8c06f000 	C:\WINDOWS\SYSTEM32\AVIFIL32.dll
0x00007ffa651f0000 - 0x00007ffa65219000 	C:\WINDOWS\SYSTEM32\MSVFW32.dll
0x00007ffaa61d0000 - 0x00007ffaa61ec000 	C:\WINDOWS\SYSTEM32\MSACM32.dll
0x00007ffa63bc0000 - 0x00007ffa63c11000 	C:\Users\tondi\AppData\Local\Temp\javacpp47429600557055\jniopencv_highgui.dll
0x00007ffa61ea0000 - 0x00007ffa61f38000 	C:\Users\tondi\AppData\Local\Temp\javacpp47429600557055\opencv_flann2411.dll
0x00007ffa821a0000 - 0x00007ffa821bc000 	C:\Users\tondi\AppData\Local\Temp\javacpp47429600557055\jniopencv_flann.dll
0x00007ffa5c070000 - 0x00007ffa5c14a000 	C:\Users\tondi\AppData\Local\Temp\javacpp47429600557055\opencv_features2d2411.dll
0x00007ffa61b10000 - 0x00007ffa61b75000 	C:\Users\tondi\AppData\Local\Temp\javacpp47429600557055\jniopencv_features2d.dll
0x00007ffa50600000 - 0x00007ffa50735000 	C:\Users\tondi\AppData\Local\Temp\javacpp47429600557055\opencv_calib3d2411.dll
0x00007ffa5f450000 - 0x00007ffa5f49b000 	C:\Users\tondi\AppData\Local\Temp\javacpp47429600557055\jniopencv_calib3d.dll
0x00007ffa5bd00000 - 0x00007ffa5bdcb000 	C:\Users\tondi\AppData\Local\Temp\javacpp47429600557055\opencv_objdetect2411.dll
0x00007ffa5f320000 - 0x00007ffa5f38d000 	C:\Users\tondi\AppData\Local\Temp\javacpp47429600557055\jniopencv_objdetect.dll
0x00007ffa5c760000 - 0x00007ffa5c79f000 	C:\Users\tondi\AppData\Local\Temp\javacpp47429600557055\opencv_photo2411.dll
0x00007ffa8cbc0000 - 0x00007ffa8cbcd000 	C:\Users\tondi\AppData\Local\Temp\javacpp47429600557055\jniopencv_photo.dll
0x00007ffa59630000 - 0x00007ffa596c6000 	C:\Users\tondi\AppData\Local\Temp\javacpp47429600557055\opencv_ml2411.dll
0x00007ffa50e80000 - 0x00007ffa50f1e000 	C:\Users\tondi\AppData\Local\Temp\javacpp47429600557055\jniopencv_ml.dll
0x00007ffa50c70000 - 0x00007ffa50ce3000 	C:\Users\tondi\AppData\Local\Temp\javacpp47429600557055\opencv_video2411.dll
0x00007ffa65180000 - 0x00007ffa651a8000 	C:\Users\tondi\AppData\Local\Temp\javacpp47429600557055\jniopencv_video.dll
0x00007ffa46fb0000 - 0x00007ffa47120000 	C:\Users\tondi\AppData\Local\Temp\javacpp47429600557055\opencv_legacy2411.dll
0x00007ffa459d0000 - 0x00007ffa45b4a000 	C:\Users\tondi\AppData\Local\Temp\javacpp47429600557055\jniopencv_legacy.dll
0x00007ffa50bf0000 - 0x00007ffa50c6d000 	C:\Users\tondi\AppData\Local\Temp\javacpp47429600557055\opencv_gpu2411.dll
0x00007ffa456d0000 - 0x00007ffa459c5000 	C:\Users\tondi\AppData\Local\Temp\javacpp47429600557055\opencv_ocl2411.dll
0x00007ffa4f270000 - 0x00007ffa4f316000 	C:\Users\tondi\AppData\Local\Temp\javacpp47429600557055\opencv_nonfree2411.dll
0x00007ffa7b080000 - 0x00007ffa7b091000 	C:\Users\tondi\AppData\Local\Temp\javacpp47429600557055\jniopencv_nonfree.dll
0x00007ffa95020000 - 0x00007ffa951e9000 	C:\WINDOWS\SYSTEM32\dbghelp.dll

VM Arguments:
jvm_args: -javaagent:C:\Program Files\JetBrains\IntelliJ IDEA Community Edition 2018.3.3\lib\idea_rt.jar=52743:C:\Program Files\JetBrains\IntelliJ IDEA Community Edition 2018.3.3\bin -Dfile.encoding=UTF-8 
java_command: IPApp
java_class_path (initial): C:\Program Files\Java\jdk1.8.0_181\jre\lib\charsets.jar;C:\Program Files\Java\jdk1.8.0_181\jre\lib\deploy.jar;C:\Program Files\Java\jdk1.8.0_181\jre\lib\ext\access-bridge-64.jar;C:\Program Files\Java\jdk1.8.0_181\jre\lib\ext\cldrdata.jar;C:\Program Files\Java\jdk1.8.0_181\jre\lib\ext\dnsns.jar;C:\Program Files\Java\jdk1.8.0_181\jre\lib\ext\jaccess.jar;C:\Program Files\Java\jdk1.8.0_181\jre\lib\ext\jfxrt.jar;C:\Program Files\Java\jdk1.8.0_181\jre\lib\ext\localedata.jar;C:\Program Files\Java\jdk1.8.0_181\jre\lib\ext\nashorn.jar;C:\Program Files\Java\jdk1.8.0_181\jre\lib\ext\sunec.jar;C:\Program Files\Java\jdk1.8.0_181\jre\lib\ext\sunjce_provider.jar;C:\Program Files\Java\jdk1.8.0_181\jre\lib\ext\sunmscapi.jar;C:\Program Files\Java\jdk1.8.0_181\jre\lib\ext\sunpkcs11.jar;C:\Program Files\Java\jdk1.8.0_181\jre\lib\ext\zipfs.jar;C:\Program Files\Java\jdk1.8.0_181\jre\lib\javaws.jar;C:\Program Files\Java\jdk1.8.0_181\jre\lib\jce.jar;C:\Program Files\Java\jdk1.8.0_181\jre\lib\jfr.jar;C:\Program Files\Java\jdk1.8.0_181\jre\lib\jfxswt.jar;C:\Program Files\Java\jdk1.8.0_181\jre\lib\jsse.jar;C:\Program Files\Java\jdk1.8.0_181\jre\lib\management-agent.jar;C:\Program Files\Java\jdk1.8.0_181\jre\lib\plugin.jar;C:\Program Files\Java\jdk1.8.0_181\jre\lib\resources.jar;C:\Program Files\Java\jdk1.8.0_181\jre\lib\rt.jar;C:\Users\tondi\OneDrive\Documents\GitHub\CS5542\ICP 10\Image_Classification\target\scala-2.11\classes;C:\Users\tondi\.ivy2\cache\aopalliance\aopalliance\jars\aopalliance-1.0.jar;C:\Users\tondi\.ivy2\cache\xmlenc\xmlenc\jars\xmlenc-0.52.jar;C:\Users\tondi\.ivy2\cache\oro\oro\jars\oro-2.0.8.jar;C:\Users\tondi\.ivy2\cache\org.tukaani\xz\jars\xz-1.0.jar;C:\Users\tondi\.ivy2\cache\org.spire-math\spire_2.11\jars\spire_2.11-0.7.4.jar;C:\Users\tondi\.ivy2\cache\org.spire-math\spire-macros_2.11\jars\spire-macros_2.11-0.7.4.jar;C:\Users\tondi\.ivy2\cache\org.spark-project.spark\unused\jars\unused-1.0.0.jar;C:\Users\tondi\.ivy2\cache\org.sonatype.sisu.
Launcher Type: SUN_STANDARD

Environment Variables:
PATH=C:\Program Files (x86)\Common Files\Oracle\Java\javapath;C:\ProgramData\Oracle\Java\javapath;C:\Program Files (x86)\Intel\iCLS Client\;C:\Program Files\Intel\iCLS Client\;C:\Windows\system32;C:\Windows;C:\Windows\System32\Wbem;C:\Windows\System32\WindowsPowerShell\v1.0\;C:\Program Files (x86)\Intel\Intel(R) Management Engine Components\DAL;C:\Program Files\Intel\Intel(R) Management Engine Components\DAL;C:\Program Files (x86)\Intel\Intel(R) Management Engine Components\IPT;C:\Program Files\Intel\Intel(R) Management Engine Components\IPT;C:\Program Files (x86)\NVIDIA Corporation\PhysX\Common;C:\Users\tondi\.dnx\bin;C:\Program Files\Microsoft DNX\Dnvm\;C:\Program Files\Microsoft SQL Server\130\Tools\Binn\;C:\WINDOWS\system32;C:\WINDOWS;C:\WINDOWS\System32\Wbem;C:\WINDOWS\System32\WindowsPowerShell\v1.0\;C:\Program Files\Git\cmd;C:\WINDOWS\System32\OpenSSH\;C:\Program Files (x86)\nodejs\;C:\Program Files (x86)\sbt\bin;C:\Program Files\Anaconda3;C:\Program Files\Anaconda3\Scripts;C:\Program Files\Anaconda3\Library\bin;C:\Users\tondi\AppData\Local\Programs\Python\Python36-32\Scripts\;C:\Users\tondi\AppData\Local\Programs\Python\Python36-32\;C:\Users\tondi\AppData\Local\Microsoft\WindowsApps;C:\Users\tondi\AppData\Local\GitHubDesktop\bin;C:\Users\tondi\AppData\Local\Microsoft\WindowsApps;C:\Users\tondi\AppData\Roaming\npm
USERNAME=tondi
OS=Windows_NT
PROCESSOR_IDENTIFIER=Intel64 Family 6 Model 78 Stepping 3, GenuineIntel



---------------  S Y S T E M  ---------------

OS: Windows 10.0 , 64 bit Build 17134 (10.0.17134.706)

CPU:total 4 (initial active 4) (2 cores per cpu, 2 threads per core) family 6 model 78 stepping 3, cmov, cx8, fxsr, mmx, sse, sse2, sse3, ssse3, sse4.1, sse4.2, popcnt, avx, avx2, aes, clmul, erms, 3dnowpref, lzcnt, ht, tsc, tscinvbit, bmi1, bmi2, adx

Memory: 4k page, physical 16648092k(6532252k free), swap 19138460k(6209320k free)

vm_info: Java HotSpot(TM) 64-Bit Server VM (25.181-b13) for windows-amd64 JRE (1.8.0_181-b13), built on Jul  7 2018 04:01:33 by "java_re" with MS VC++ 10.0 (VS2010)

time: Thu Apr 18 15:54:01 2019
elapsed time: 65 seconds (0d 0h 1m 5s)

